app/build/outputs/logs/manifest-merger-debug-report.txt
-- Merging decision tree log ---
manifest
ADDED from src\main\AndroidManifest.xml:2:1-30:12
	package
		ADDED from src\main\AndroidManifest.xml:3:5-41
		INJECTED from src\main\AndroidManifest.xml
		INJECTED from src\main\AndroidManifest.xml
	android:versionName
		INJECTED from src\main\AndroidManifest.xml
		INJECTED from src\main\AndroidManifest.xml
	xmlns:android
		ADDED from src\main\AndroidManifest.xml:2:11-69
	android:versionCode
		INJECTED from src\main\AndroidManifest.xml
		INJECTED from src\main\AndroidManifest.xml
uses-permission#android.permission.INTERNET
ADDED from src\main\AndroidManifest.xml:5:5-67
	android:name
		ADDED from src\main\AndroidManifest.xml:5:22-64
uses-permission#android.permission.WAKE_LOCK
ADDED from src\main\AndroidManifest.xml:6:5-68
	android:name
		ADDED from src\main\AndroidManifest.xml:6:22-65
application
ADDED from src\main\AndroidManifest.xml:8:5-28:19
	android:label
		ADDED from src\main\AndroidManifest.xml:10:9-41
	android:allowBackup
		ADDED from src\main\AndroidManifest.xml:9:9-35
	android:icon
		ADDED from src\main\AndroidManifest.xml:11:9-45
	android:theme
		ADDED from src\main\AndroidManifest.xml:12:9-40
activity#com.wass08.vlcsimpleplayer.MediaSelector
ADDED from src\main\AndroidManifest.xml:13:9-21:20
	android:label
		ADDED from src\main\AndroidManifest.xml:15:13-45
	android:name
		ADDED from src\main\AndroidManifest.xml:14:13-68
intent-filter#android.intent.action.MAIN+android.intent.category.LAUNCHER
ADDED from src\main\AndroidManifest.xml:16:13-20:29
action#android.intent.action.MAIN
ADDED from src\main\AndroidManifest.xml:17:17-69
	android:name
		ADDED from src\main\AndroidManifest.xml:17:25-66
category#android.intent.category.LAUNCHER
ADDED from src\main\AndroidManifest.xml:19:17-77
	android:name
		ADDED from src\main\AndroidManifest.xml:19:27-74
activity#com.wass08.vlcsimpleplayer.FullscreenVlcPlayer
ADDED from src\main\AndroidManifest.xml:22:9-27:20
	android:label
		ADDED from src\main\AndroidManifest.xml:25:13-73
	android:configChanges
		ADDED from src\main\AndroidManifest.xml:24:13-74
	android:theme
		ADDED from src\main\AndroidManifest.xml:26:13-51
	android:name
		ADDED from src\main\AndroidManifest.xml:23:13-74
uses-sdk
INJECTED from src\main\AndroidManifest.xml reason: use-sdk injection requested
	android:targetSdkVersion
		INJECTED from src\main\AndroidManifest.xml
		INJECTED from src\main\AndroidManifest.xml
	android:minSdkVersion
		INJECTED from src\main\AndroidManifest.xml
		INJECTED from src\main\AndroidManifest.xml